This is pdfTeX, Version 3.14159265-2.6-1.40.19 (MiKTeX 2.9.6840 64-bit) (preloaded format=pdflatex 2018.12.7)  18 JAN 2020 14:46
entering extended mode
**"./beer pong.tex"
("beer pong.tex"
LaTeX2e <2018-04-01> patch level 5
("C:\Users\drumm\AppData\Local\Programs\MiKTeX 2.9\tex\latex\base\article.cls"
Document Class: article 2014/09/29 v1.4h Standard LaTeX document class
("C:\Users\drumm\AppData\Local\Programs\MiKTeX 2.9\tex\latex\base\size10.clo"
File: size10.clo 2014/09/29 v1.4h Standard LaTeX file (size option)
)
\c@part=\count80
\c@section=\count81
\c@subsection=\count82
\c@subsubsection=\count83
\c@paragraph=\count84
\c@subparagraph=\count85
\c@figure=\count86
\c@table=\count87
\abovecaptionskip=\skip41
\belowcaptionskip=\skip42
\bibindent=\dimen102
)
("C:\Users\drumm\AppData\Local\Programs\MiKTeX 2.9\tex\latex\graphics\graphicx.
sty"
Package: graphicx 2017/06/01 v1.1a Enhanced LaTeX Graphics (DPC,SPQR)

("C:\Users\drumm\AppData\Local\Programs\MiKTeX 2.9\tex\latex\graphics\keyval.st
y"
Package: keyval 2014/10/28 v1.15 key=value parser (DPC)
\KV@toks@=\toks14
)
("C:\Users\drumm\AppData\Local\Programs\MiKTeX 2.9\tex\latex\graphics\graphics.
sty"
Package: graphics 2017/06/25 v1.2c Standard LaTeX Graphics (DPC,SPQR)

("C:\Users\drumm\AppData\Local\Programs\MiKTeX 2.9\tex\latex\graphics\trig.sty"
Package: trig 2016/01/03 v1.10 sin cos tan (DPC)
)
("C:\Users\drumm\AppData\Local\Programs\MiKTeX 2.9\tex\latex\graphics-cfg\graph
ics.cfg"
File: graphics.cfg 2016/06/04 v1.11 sample graphics configuration
)
Package graphics Info: Driver file: pdftex.def on input line 99.

("C:\Users\drumm\AppData\Local\Programs\MiKTeX 2.9\tex\latex\graphics-def\pdfte
x.def"
File: pdftex.def 2018/01/08 v1.0l Graphics/color driver for pdftex
))
\Gin@req@height=\dimen103
\Gin@req@width=\dimen104
)
("C:\Users\drumm\AppData\Local\Programs\MiKTeX 2.9\tex\latex\csquotes\csquotes.
sty"
Package: csquotes 2018/04/13 v5.2d context-sensitive quotations (JAW)

("C:\Users\drumm\AppData\Local\Programs\MiKTeX 2.9\tex\latex\etoolbox\etoolbox.
sty"
Package: etoolbox 2018/08/19 v2.5f e-TeX tools for LaTeX (JAW)
\etb@tempcnta=\count88
)
\csq@reset=\count89
\csq@gtype=\count90
\csq@glevel=\count91
\csq@qlevel=\count92
\csq@maxlvl=\count93
\csq@tshold=\count94
\csq@ltx@everypar=\toks15

("C:\Users\drumm\AppData\Local\Programs\MiKTeX 2.9\tex\latex\csquotes\csquotes.
def"
File: csquotes.def 2018/04/13 v5.2d csquotes generic definitions (JAW)
)
Package csquotes Info: Trying to load configuration file 'csquotes.cfg'...
Package csquotes Info: ... configuration file loaded successfully.

("C:\Users\drumm\AppData\Local\Programs\MiKTeX 2.9\tex\latex\csquotes\csquotes.
cfg"
File: csquotes.cfg 
)
Package csquotes Info: Enabling multilingual quotes.
Package csquotes Info: Redefining alias 'english' -> 'english/american'.
)
("C:\Users\drumm\AppData\Local\Programs\MiKTeX 2.9\tex\latex\listings\listings.
sty"
\lst@mode=\count95
\lst@gtempboxa=\box26
\lst@token=\toks16
\lst@length=\count96
\lst@currlwidth=\dimen105
\lst@column=\count97
\lst@pos=\count98
\lst@lostspace=\dimen106
\lst@width=\dimen107
\lst@newlines=\count99
\lst@lineno=\count100
\lst@maxwidth=\dimen108

("C:\Users\drumm\AppData\Local\Programs\MiKTeX 2.9\tex\latex\listings\lstmisc.s
ty"
File: lstmisc.sty 2019/09/10 1.8c (Carsten Heinz)
\c@lstnumber=\count101
\lst@skipnumbers=\count102
\lst@framebox=\box27
)
("C:\Users\drumm\AppData\Local\Programs\MiKTeX 2.9\tex\latex\listings\listings.
cfg"
File: listings.cfg 2019/09/10 1.8c listings configuration
))
Package: listings 2019/09/10 1.8c (Carsten Heinz)

("C:\Users\drumm\AppData\Local\Programs\MiKTeX 2.9\tex\latex\amsmath\amsmath.st
y"
Package: amsmath 2017/09/02 v2.17a AMS math features
\@mathmargin=\skip43

For additional information on amsmath, use the `?' option.

("C:\Users\drumm\AppData\Local\Programs\MiKTeX 2.9\tex\latex\amsmath\amstext.st
y"
Package: amstext 2000/06/29 v2.01 AMS text

("C:\Users\drumm\AppData\Local\Programs\MiKTeX 2.9\tex\latex\amsmath\amsgen.sty
"
File: amsgen.sty 1999/11/30 v2.0 generic functions
\@emptytoks=\toks17
\ex@=\dimen109
))
("C:\Users\drumm\AppData\Local\Programs\MiKTeX 2.9\tex\latex\amsmath\amsbsy.sty
"
Package: amsbsy 1999/11/29 v1.2d Bold Symbols
\pmbraise@=\dimen110
)
("C:\Users\drumm\AppData\Local\Programs\MiKTeX 2.9\tex\latex\amsmath\amsopn.sty
"
Package: amsopn 2016/03/08 v2.02 operator names
)
\inf@bad=\count103
LaTeX Info: Redefining \frac on input line 213.
\uproot@=\count104
\leftroot@=\count105
LaTeX Info: Redefining \overline on input line 375.
\classnum@=\count106
\DOTSCASE@=\count107
LaTeX Info: Redefining \ldots on input line 472.
LaTeX Info: Redefining \dots on input line 475.
LaTeX Info: Redefining \cdots on input line 596.
\Mathstrutbox@=\box28
\strutbox@=\box29
\big@size=\dimen111
LaTeX Font Info:    Redeclaring font encoding OML on input line 712.
LaTeX Font Info:    Redeclaring font encoding OMS on input line 713.
\macc@depth=\count108
\c@MaxMatrixCols=\count109
\dotsspace@=\muskip10
\c@parentequation=\count110
\dspbrk@lvl=\count111
\tag@help=\toks18
\row@=\count112
\column@=\count113
\maxfields@=\count114
\andhelp@=\toks19
\eqnshift@=\dimen112
\alignsep@=\dimen113
\tagshift@=\dimen114
\tagwidth@=\dimen115
\totwidth@=\dimen116
\lineht@=\dimen117
\@envbody=\toks20
\multlinegap=\skip44
\multlinetaggap=\skip45
\mathdisplay@stack=\toks21
LaTeX Info: Redefining \[ on input line 2817.
LaTeX Info: Redefining \] on input line 2818.
)
("C:\Users\drumm\AppData\Local\Programs\MiKTeX 2.9\tex\latex\caption\subcaption
.sty"
Package: subcaption 2018/05/01 v1.1-162 Sub-captions (AR)

("C:\Users\drumm\AppData\Local\Programs\MiKTeX 2.9\tex\latex\caption\caption.st
y"
Package: caption 2018/10/06 v3.3-154 Customizing captions (AR)

("C:\Users\drumm\AppData\Local\Programs\MiKTeX 2.9\tex\latex\caption\caption3.s
ty"
Package: caption3 2018/09/12 v1.8c caption3 kernel (AR)
Package caption3 Info: TeX engine: e-TeX on input line 64.
\captionmargin=\dimen118
\captionmargin@=\dimen119
\captionwidth=\dimen120
\caption@tempdima=\dimen121
\caption@indent=\dimen122
\caption@parindent=\dimen123
\caption@hangindent=\dimen124
)
\c@caption@flags=\count115
\c@ContinuedFloat=\count116
Package caption Info: listings package is loaded.
)
\c@subfigure=\count117
\c@subtable=\count118
)
Package csquotes Info: Allocating character ".
Package csquotes Info: Checking for multilingual support...
Package csquotes Info: ... none found.


Package csquotes Warning: No multilingual support.
(csquotes)                Cannot enable multilingual quotes on input line 13.

("beer pong.aux"

LaTeX Warning: Label `expectation' multiply defined.

)
\openout1 = `"beer pong.aux"'.

LaTeX Font Info:    Checking defaults for OML/cmm/m/it on input line 13.
LaTeX Font Info:    ... okay on input line 13.
LaTeX Font Info:    Checking defaults for T1/cmr/m/n on input line 13.
LaTeX Font Info:    ... okay on input line 13.
LaTeX Font Info:    Checking defaults for OT1/cmr/m/n on input line 13.
LaTeX Font Info:    ... okay on input line 13.
LaTeX Font Info:    Checking defaults for OMS/cmsy/m/n on input line 13.
LaTeX Font Info:    ... okay on input line 13.
LaTeX Font Info:    Checking defaults for OMX/cmex/m/n on input line 13.
LaTeX Font Info:    ... okay on input line 13.
LaTeX Font Info:    Checking defaults for U/cmr/m/n on input line 13.
LaTeX Font Info:    ... okay on input line 13.

("C:\Users\drumm\AppData\Local\Programs\MiKTeX 2.9\tex\context\base\supp-pdf.mk
ii"
[Loading MPS to PDF converter (version 2006.09.02).]
\scratchcounter=\count119
\scratchdimen=\dimen125
\scratchbox=\box30
\nofMPsegments=\count120
\nofMParguments=\count121
\everyMPshowfont=\toks22
\MPscratchCnt=\count122
\MPscratchDim=\dimen126
\MPnumerator=\count123
\makeMPintoPDFobject=\count124
\everyMPtoPDFconversion=\toks23
)
("C:\Users\drumm\AppData\Local\Programs\MiKTeX 2.9\tex\latex\oberdiek\epstopdf-
base.sty"
Package: epstopdf-base 2016/05/15 v2.6 Base part for package epstopdf

("C:\Users\drumm\AppData\Local\Programs\MiKTeX 2.9\tex\generic\oberdiek\infware
rr.sty"
Package: infwarerr 2016/05/16 v1.4 Providing info/warning/error messages (HO)
)
("C:\Users\drumm\AppData\Local\Programs\MiKTeX 2.9\tex\latex\oberdiek\grfext.st
y"
Package: grfext 2016/05/16 v1.2 Manage graphics extensions (HO)

("C:\Users\drumm\AppData\Local\Programs\MiKTeX 2.9\tex\generic\oberdiek\kvdefin
ekeys.sty"
Package: kvdefinekeys 2016/05/16 v1.4 Define keys (HO)

("C:\Users\drumm\AppData\Local\Programs\MiKTeX 2.9\tex\generic\oberdiek\ltxcmds
.sty"
Package: ltxcmds 2016/05/16 v1.23 LaTeX kernel commands for general use (HO)
)))
("C:\Users\drumm\AppData\Local\Programs\MiKTeX 2.9\tex\latex\oberdiek\kvoptions
.sty"
Package: kvoptions 2016/05/16 v3.12 Key value format for package options (HO)

("C:\Users\drumm\AppData\Local\Programs\MiKTeX 2.9\tex\generic\oberdiek\kvsetke
ys.sty"
Package: kvsetkeys 2016/05/16 v1.17 Key value parser (HO)

("C:\Users\drumm\AppData\Local\Programs\MiKTeX 2.9\tex\generic\oberdiek\etexcmd
s.sty"
Package: etexcmds 2016/05/16 v1.6 Avoid name clashes with e-TeX commands (HO)

("C:\Users\drumm\AppData\Local\Programs\MiKTeX 2.9\tex\generic\oberdiek\ifluate
x.sty"
Package: ifluatex 2016/05/16 v1.4 Provides the ifluatex switch (HO)
Package ifluatex Info: LuaTeX not detected.
)
Package etexcmds Info: Could not find \expanded.
(etexcmds)             That can mean that you are not using pdfTeX 1.50 or
(etexcmds)             that some package has redefined \expanded.
(etexcmds)             In the latter case, load this package earlier.
)))
("C:\Users\drumm\AppData\Local\Programs\MiKTeX 2.9\tex\generic\oberdiek\pdftexc
mds.sty"
Package: pdftexcmds 2018/09/10 v0.29 Utility functions of pdfTeX for LuaTeX (HO
)

("C:\Users\drumm\AppData\Local\Programs\MiKTeX 2.9\tex\generic\oberdiek\ifpdf.s
ty"
Package: ifpdf 2018/09/07 v3.3 Provides the ifpdf switch
)
Package pdftexcmds Info: LuaTeX not detected.
Package pdftexcmds Info: \pdf@primitive is available.
Package pdftexcmds Info: \pdf@ifprimitive is available.
Package pdftexcmds Info: \pdfdraftmode found.
)
Package epstopdf-base Info: Redefining graphics rule for `.eps' on input line 4
38.
Package grfext Info: Graphics extension search list:
(grfext)             [.pdf,.png,.jpg,.mps,.jpeg,.jbig2,.jb2,.PDF,.PNG,.JPG,.JPE
G,.JBIG2,.JB2,.eps]
(grfext)             \AppendGraphicsExtensions on input line 456.
)
Package csquotes Info: Making character " active on input line 13.
\c@lstlisting=\count125
Package caption Info: Begin \AtBeginDocument code.
Package caption Info: End \AtBeginDocument code.
 ("beer pong.toc")
\tf@toc=\write3
\openout3 = `"beer pong.toc"'.

 [1

{C:/Users/drumm/AppData/Local/MiKTeX/2.9/pdftex/config/pdftex.map}]
<beerpong.jpg, id=12, 963.6pt x 1284.8pt>
File: beerpong.jpg Graphic file (type jpg)
<use beerpong.jpg>
Package pdftex.def Info: beerpong.jpg  used on input line 25.
(pdftex.def)             Requested size: 241.49895pt x 321.98338pt.
 [2] [3 <./beerpong.jpg>] [4]
LaTeX Font Info:    Try loading font information for OMS+cmr on input line 43.

("C:\Users\drumm\AppData\Local\Programs\MiKTeX 2.9\tex\latex\base\omscmr.fd"
File: omscmr.fd 2014/09/29 v2.5h Standard LaTeX font definitions
)
LaTeX Font Info:    Font shape `OMS/cmr/m/n' in size <10> not available
(Font)              Font shape `OMS/cmsy/m/n' tried instead on input line 43.

[5]
<gridwithcups.png, id=29, 239.89626pt x 277.035pt>
File: gridwithcups.png Graphic file (type png)
<use gridwithcups.png>
Package pdftex.def Info: gridwithcups.png  used on input line 58.
(pdftex.def)             Requested size: 241.49895pt x 278.89006pt.
<gridwletters.png, id=30, 242.9075pt x 277.035pt>
File: gridwletters.png Graphic file (type png)
<use gridwletters.png>
Package pdftex.def Info: gridwletters.png  used on input line 65.
(pdftex.def)             Requested size: 241.49895pt x 275.42796pt.
<cupremoval.png, id=31, 242.9075pt x 277.035pt>
File: cupremoval.png Graphic file (type png)
<use cupremoval.png>
Package pdftex.def Info: cupremoval.png  used on input line 74.
(pdftex.def)             Requested size: 241.49895pt x 275.42796pt.
<2cupsremoved.png, id=32, 242.9075pt x 277.035pt>
File: 2cupsremoved.png Graphic file (type png)
<use 2cupsremoved.png>
Package pdftex.def Info: 2cupsremoved.png  used on input line 81.
(pdftex.def)             Requested size: 241.49895pt x 275.42796pt.
 [6] [7 <./gridwithcups.png>] [8 <./gridwletters.png>] [9 <./cupremoval.png>] [
10 <./2cupsremoved.png>]
("C:\Users\drumm\AppData\Local\Programs\MiKTeX 2.9\tex\latex\listings\lstlang1.
sty"
File: lstlang1.sty 2019/09/10 1.8c listings language file
) [11] [12] [13]
LaTeX Font Info:    Try loading font information for OML+cmr on input line 212.


("C:\Users\drumm\AppData\Local\Programs\MiKTeX 2.9\tex\latex\base\omlcmr.fd"
File: omlcmr.fd 2014/09/29 v2.5h Standard LaTeX font definitions
)
LaTeX Font Info:    Font shape `OML/cmr/m/n' in size <10> not available
(Font)              Font shape `OML/cmm/m/it' tried instead on input line 212.

[14] [15]
Overfull \hbox (3.00354pt too wide) in paragraph at lines 286--287
[][][][][][][][][][][][][][][][][][] 
 []

[16] [17] [18] [19] [20] [21] [22] [23] [24] [25] [26]
Overfull \hbox (57.00409pt too wide) in paragraph at lines 706--708
[][][][][][][][][][][][][][][][][][][][][][] 
 []

[27] [28]
<1wins1goesfirst.png, id=114, 240.9pt x 145.04187pt>
File: 1wins1goesfirst.png Graphic file (type png)
<use 1wins1goesfirst.png>
Package pdftex.def Info: 1wins1goesfirst.png  used on input line 801.
(pdftex.def)             Requested size: 241.49895pt x 145.40666pt.
 [29]
<2wins1goesfirst.png, id=118, 240.9pt x 145.04187pt>
File: 2wins1goesfirst.png Graphic file (type png)
<use 2wins1goesfirst.png>
Package pdftex.def Info: 2wins1goesfirst.png  used on input line 809.
(pdftex.def)             Requested size: 241.49895pt x 145.40666pt.
<1wins2goesfirst.png, id=119, 240.9pt x 145.04187pt>
File: 1wins2goesfirst.png Graphic file (type png)
<use 1wins2goesfirst.png>
Package pdftex.def Info: 1wins2goesfirst.png  used on input line 817.
(pdftex.def)             Requested size: 241.49895pt x 145.40666pt.
 [30 <./1wins1goesfirst.png> <./2wins1goesfirst.png>]
<2wins2goesfirst.png, id=123, 241.40187pt x 145.04187pt>
File: 2wins2goesfirst.png Graphic file (type png)
<use 2wins2goesfirst.png>
Package pdftex.def Info: 2wins2goesfirst.png  used on input line 825.
(pdftex.def)             Requested size: 241.49895pt x 145.10568pt.
 [31 <./1wins2goesfirst.png> <./2wins2goesfirst.png>]
<delta1goesfirst.png, id=128, 241.40187pt x 145.04187pt>
File: delta1goesfirst.png Graphic file (type png)
<use delta1goesfirst.png>
Package pdftex.def Info: delta1goesfirst.png  used on input line 838.
(pdftex.def)             Requested size: 241.49895pt x 145.10568pt.
<delta2goesfirst.png, id=129, 241.40187pt x 145.04187pt>
File: delta2goesfirst.png Graphic file (type png)
<use delta2goesfirst.png>
Package pdftex.def Info: delta2goesfirst.png  used on input line 847.
(pdftex.def)             Requested size: 241.49895pt x 145.10568pt.
 [32 <./delta1goesfirst.png> <./delta2goesfirst.png>]
<finalscores.png, id=133, 241.40187pt x 145.04187pt>
File: finalscores.png Graphic file (type png)
<use finalscores.png>
Package pdftex.def Info: finalscores.png  used on input line 861.
(pdftex.def)             Requested size: 241.49895pt x 145.10568pt.
 [33 <./finalscores.png>]
<typesofshots.png, id=137, 355.82938pt x 144.54pt>
File: typesofshots.png Graphic file (type png)
<use typesofshots.png>
Package pdftex.def Info: typesofshots.png  used on input line 874.
(pdftex.def)             Requested size: 241.49895pt x 98.0962pt.
 [34 <./typesofshots.png>]
<typesofgames1.png, id=141, 258.46562pt x 145.04187pt>
File: typesofgames1.png Graphic file (type png)
<use typesofgames1.png>
Package pdftex.def Info: typesofgames1.png  used on input line 890.
(pdftex.def)             Requested size: 241.49895pt x 135.52492pt.


LaTeX Warning: `!h' float specifier changed to `!ht'.

<typesofgames2.png, id=142, 241.40187pt x 145.04187pt>
File: typesofgames2.png Graphic file (type png)
<use typesofgames2.png>
Package pdftex.def Info: typesofgames2.png  used on input line 950.
(pdftex.def)             Requested size: 241.49895pt x 145.10568pt.
[35 <./typesofgames1.png>] [36]
<P_t.png, id=150, 241.40187pt x 145.04187pt>
File: P_t.png Graphic file (type png)
<use P_t.png>
Package pdftex.def Info: P_t.png  used on input line 961.
(pdftex.def)             Requested size: 241.49895pt x 145.10568pt.
 [37 <./typesofgames2.png> <./P_t.png>]
<experimentallambda.png, id=155, 241.40187pt x 144.54pt>
File: experimentallambda.png Graphic file (type png)
<use experimentallambda.png>
Package pdftex.def Info: experimentallambda.png  used on input line 970.
(pdftex.def)             Requested size: 241.49895pt x 144.60358pt.
<smoothlambda.png, id=156, 241.40187pt x 145.04187pt>
File: smoothlambda.png Graphic file (type png)
<use smoothlambda.png>
Package pdftex.def Info: smoothlambda.png  used on input line 979.
(pdftex.def)             Requested size: 241.49895pt x 145.10568pt.
<m.png, id=157, 241.40187pt x 145.04187pt>
File: m.png Graphic file (type png)
<use m.png>
Package pdftex.def Info: m.png  used on input line 988.
(pdftex.def)             Requested size: 241.49895pt x 145.10568pt.
 [38 <./experimentallambda.png> <./smoothlambda.png>]
<PofPteq1.png, id=161, 240.9pt x 145.04187pt>
File: PofPteq1.png Graphic file (type png)
<use PofPteq1.png>
Package pdftex.def Info: PofPteq1.png  used on input line 998.
(pdftex.def)             Requested size: 138.00052pt x 83.09079pt.
<PofPteq2.png, id=162, 241.40187pt x 145.04187pt>
File: PofPteq2.png Graphic file (type png)
<use PofPteq2.png>
Package pdftex.def Info: PofPteq2.png  used on input line 1004.
(pdftex.def)             Requested size: 138.00052pt x 82.91815pt.
<PofPteq3.png, id=163, 241.40187pt x 145.04187pt>
File: PofPteq3.png Graphic file (type png)
<use PofPteq3.png>
Package pdftex.def Info: PofPteq3.png  used on input line 1010.
(pdftex.def)             Requested size: 138.00052pt x 82.91815pt.
<PofPteq4.png, id=164, 241.40187pt x 145.04187pt>
File: PofPteq4.png Graphic file (type png)
<use PofPteq4.png>
Package pdftex.def Info: PofPteq4.png  used on input line 1016.
(pdftex.def)             Requested size: 138.00052pt x 82.91815pt.
<PofPteq5.png, id=165, 241.40187pt x 145.04187pt>
File: PofPteq5.png Graphic file (type png)
<use PofPteq5.png>
Package pdftex.def Info: PofPteq5.png  used on input line 1022.
(pdftex.def)             Requested size: 138.00052pt x 82.91815pt.
File: PofPteq5.png Graphic file (type png)
<use PofPteq5.png>
Package pdftex.def Info: PofPteq5.png  used on input line 1028.
(pdftex.def)             Requested size: 138.00052pt x 82.91815pt.

Overfull \hbox (2.22221pt too wide) in paragraph at lines 996--1032
[]$[]$ $[]$
 []


Overfull \hbox (2.22221pt too wide) in paragraph at lines 996--1032
[]$ $[]$
 []


Overfull \hbox (2.22221pt too wide) in paragraph at lines 996--1032
[]$ $[]$ 
 []

[39 <./m.png>] [40 <./PofPteq1.png> <./PofPteq2.png> <./PofPteq3.png> <./PofPte
q4.png> <./PofPteq5.png>] ("beer pong.bbl" [41]) [42] ("beer pong.aux")

LaTeX Warning: There were multiply-defined labels.

 ) 
Here is how much of TeX's memory you used:
 6166 strings out of 492970
 90523 string characters out of 3126594
 360282 words of memory out of 3000000
 9951 multiletter control sequences out of 15000+200000
 11166 words of font info for 40 fonts, out of 3000000 for 9000
 1141 hyphenation exceptions out of 8191
 42i,16n,42p,1887b,1604s stack positions out of 5000i,500n,10000p,200000b,50000s
<C:/Users/drumm/AppData/Local/Programs/MiKTeX 2.9/fonts/type1/public/amsfonts
/cm/cmbx10.pfb><C:/Users/drumm/AppData/Local/Programs/MiKTeX 2.9/fonts/type1/pu
blic/amsfonts/cm/cmbx12.pfb><C:/Users/drumm/AppData/Local/Programs/MiKTeX 2.9/f
onts/type1/public/amsfonts/cm/cmbx9.pfb><C:/Users/drumm/AppData/Local/Programs/
MiKTeX 2.9/fonts/type1/public/amsfonts/cm/cmex10.pfb><C:/Users/drumm/AppData/Lo
cal/Programs/MiKTeX 2.9/fonts/type1/public/amsfonts/cm/cmmi10.pfb><C:/Users/dru
mm/AppData/Local/Programs/MiKTeX 2.9/fonts/type1/public/amsfonts/cm/cmmi12.pfb>
<C:/Users/drumm/AppData/Local/Programs/MiKTeX 2.9/fonts/type1/public/amsfonts/c
m/cmmi6.pfb><C:/Users/drumm/AppData/Local/Programs/MiKTeX 2.9/fonts/type1/publi
c/amsfonts/cm/cmmi7.pfb><C:/Users/drumm/AppData/Local/Programs/MiKTeX 2.9/fonts
/type1/public/amsfonts/cm/cmmi8.pfb><C:/Users/drumm/AppData/Local/Programs/MiKT
eX 2.9/fonts/type1/public/amsfonts/cm/cmmi9.pfb><C:/Users/drumm/AppData/Local/P
rograms/MiKTeX 2.9/fonts/type1/public/amsfonts/cm/cmr10.pfb><C:/Users/drumm/App
Data/Local/Programs/MiKTeX 2.9/fonts/type1/public/amsfonts/cm/cmr12.pfb><C:/Use
rs/drumm/AppData/Local/Programs/MiKTeX 2.9/fonts/type1/public/amsfonts/cm/cmr17
.pfb><C:/Users/drumm/AppData/Local/Programs/MiKTeX 2.9/fonts/type1/public/amsfo
nts/cm/cmr6.pfb><C:/Users/drumm/AppData/Local/Programs/MiKTeX 2.9/fonts/type1/p
ublic/amsfonts/cm/cmr7.pfb><C:/Users/drumm/AppData/Local/Programs/MiKTeX 2.9/fo
nts/type1/public/amsfonts/cm/cmr8.pfb><C:/Users/drumm/AppData/Local/Programs/Mi
KTeX 2.9/fonts/type1/public/amsfonts/cm/cmr9.pfb><C:/Users/drumm/AppData/Local/
Programs/MiKTeX 2.9/fonts/type1/public/amsfonts/cm/cmsy10.pfb><C:/Users/drumm/A
ppData/Local/Programs/MiKTeX 2.9/fonts/type1/public/amsfonts/cm/cmsy7.pfb><C:/U
sers/drumm/AppData/Local/Programs/MiKTeX 2.9/fonts/type1/public/amsfonts/cm/cmt
i10.pfb><C:/Users/drumm/AppData/Local/Programs/MiKTeX 2.9/fonts/type1/public/am
sfonts/cm/cmti8.pfb>
Output written on "beer pong.pdf" (42 pages, 1493540 bytes).
PDF statistics:
 246 PDF objects out of 1000 (max. 8388607)
 0 named destinations out of 1000 (max. 500000)
 121 words of extra memory for PDF output out of 10000 (max. 10000000)

